<?xml version="1.0" encoding="UTF-8"?>
<!-- Generated by org.testng.reporters.JUnitXMLReporter -->
<testsuite ignored="0" hostname="Keerti-SES" failures="2" tests="2" name="ChromeTest" time="9.806" errors="0" timestamp="2020-05-04T06:38:32 IST">
  <testcase classname="testcase.ProjectOfPunchin" name="testcase1" time="1.344">
    <failure type="org.apache.poi.openxml4j.exceptions.OpenXML4JRuntimeException" message="Fail to save: an error occurs while saving the package : Zip File is closed">
      <![CDATA[org.apache.poi.openxml4j.exceptions.OpenXML4JRuntimeException: Fail to save: an error occurs while saving the package : Zip File is closed
at org.apache.poi.openxml4j.opc.ZipPackage.saveImpl(ZipPackage.java:558)
at org.apache.poi.openxml4j.opc.OPCPackage.save(OPCPackage.java:1505)
at org.apache.poi.openxml4j.opc.OPCPackage.save(OPCPackage.java:1492)
at org.apache.poi.openxml4j.opc.ZipPackage.closeImpl(ZipPackage.java:431)
at org.apache.poi.openxml4j.opc.OPCPackage.close(OPCPackage.java:457)
at org.apache.poi.ooxml.POIXMLDocument.close(POIXMLDocument.java:204)
at org.apache.poi.xssf.usermodel.XSSFWorkbook.close(XSSFWorkbook.java:586)
at utilities.DbUtility.findScenarioRowNo(DbUtility.java:102)
at testcase.ProjectOfPunchin.testcase1(ProjectOfPunchin.java:30)
at java.base/java.util.ArrayList.forEach(ArrayList.java:1540)
at java.base/java.util.concurrent.FutureTask.run(FutureTask.java:264)
at java.base/java.util.concurrent.ThreadPoolExecutor.runWorker(ThreadPoolExecutor.java:1128)
at java.base/java.util.concurrent.ThreadPoolExecutor$Worker.run(ThreadPoolExecutor.java:628)
at java.base/java.lang.Thread.run(Thread.java:835)
Caused by: java.lang.IllegalStateException: Zip File is closed
at org.apache.poi.openxml4j.util.ZipFileZipEntrySource.getInputStream(ZipFileZipEntrySource.java:61)
at org.apache.poi.openxml4j.opc.ZipPackagePart.getInputStreamImpl(ZipPackagePart.java:107)
at org.apache.poi.openxml4j.opc.PackagePart.getInputStream(PackagePart.java:508)
at org.apache.poi.openxml4j.opc.internal.marshallers.ZipPartMarshaller.marshall(ZipPartMarshaller.java:83)
at org.apache.poi.openxml4j.opc.ZipPackagePart.save(ZipPackagePart.java:128)
at org.apache.poi.openxml4j.opc.internal.marshallers.DefaultMarshaller.marshall(DefaultMarshaller.java:43)
at org.apache.poi.openxml4j.opc.ZipPackage.saveImpl(ZipPackage.java:545)
... 31 more
... Removed 18 stack frames]]>
    </failure>
  </testcase> <!-- testcase1 -->
  <testcase classname="testcase.ProjectOfPunchin" name="testcase1" time="9.721">
    <failure type="org.openqa.selenium.SessionNotCreatedException" message="session not created: This version of ChromeDriver only supports Chrome version 78
Build info: version: &amp;apos;3.141.59&amp;apos;, revision: &amp;apos;e82be7d358&amp;apos;, time: &amp;apos;2018-11-14T08:17:03&amp;apos;
System info: host: &amp;apos;KEERTI-SES&amp;apos;, ip: &amp;apos;192.168.43.220&amp;apos;, os.name: &amp;apos;Windows 10&amp;apos;, os.arch: &amp;apos;amd64&amp;apos;, os.version: &amp;apos;10.0&amp;apos;, java.version: &amp;apos;12.0.2&amp;apos;
Driver info: driver.version: ChromeDriver
remote stacktrace: Backtrace:
	Ordinal0 [0x00E3A903+1550595]
	Ordinal0 [0x00DBA701+1025793]
	Ordinal0 [0x00D3C6E5+509669]
	Ordinal0 [0x00CCFC68+64616]
	Ordinal0 [0x00CCC594+50580]
	Ordinal0 [0x00CEACE7+175335]
	Ordinal0 [0x00CEA8ED+174317]
	Ordinal0 [0x00CE8CDB+167131]
	Ordinal0 [0x00CD144A+70730]
	Ordinal0 [0x00CD24D0+74960]
	Ordinal0 [0x00CD2469+74857]
	Ordinal0 [0x00DD42C7+1131207]
	GetHandleVerifier [0x00ED70FD+523789]
	GetHandleVerifier [0x00ED6E90+523168]
	GetHandleVerifier [0x00EDE1E7+552695]
	GetHandleVerifier [0x00ED78FA+525834]
	Ordinal0 [0x00DCB7FC+1095676]
	Ordinal0 [0x00DD633B+1139515]
	Ordinal0 [0x00DD64A3+1139875]
	Ordinal0 [0x00DD5425+1135653]
	BaseThreadInitThunk [0x77796359+25]
	RtlGetAppContainerNamedObjectPath [0x77D07B74+228]
	RtlGetAppContainerNamedObjectPath [0x77D07B44+180]
">
      <![CDATA[org.openqa.selenium.SessionNotCreatedException: session not created: This version of ChromeDriver only supports Chrome version 78
Build info: version: '3.141.59', revision: 'e82be7d358', time: '2018-11-14T08:17:03'
System info: host: 'KEERTI-SES', ip: '192.168.43.220', os.name: 'Windows 10', os.arch: 'amd64', os.version: '10.0', java.version: '12.0.2'
Driver info: driver.version: ChromeDriver
remote stacktrace: Backtrace:
Ordinal0 [0x00E3A903+1550595]
Ordinal0 [0x00DBA701+1025793]
Ordinal0 [0x00D3C6E5+509669]
Ordinal0 [0x00CCFC68+64616]
Ordinal0 [0x00CCC594+50580]
Ordinal0 [0x00CEACE7+175335]
Ordinal0 [0x00CEA8ED+174317]
Ordinal0 [0x00CE8CDB+167131]
Ordinal0 [0x00CD144A+70730]
Ordinal0 [0x00CD24D0+74960]
Ordinal0 [0x00CD2469+74857]
Ordinal0 [0x00DD42C7+1131207]
GetHandleVerifier [0x00ED70FD+523789]
GetHandleVerifier [0x00ED6E90+523168]
GetHandleVerifier [0x00EDE1E7+552695]
GetHandleVerifier [0x00ED78FA+525834]
Ordinal0 [0x00DCB7FC+1095676]
Ordinal0 [0x00DD633B+1139515]
Ordinal0 [0x00DD64A3+1139875]
Ordinal0 [0x00DD5425+1135653]
BaseThreadInitThunk [0x77796359+25]
RtlGetAppContainerNamedObjectPath [0x77D07B74+228]
RtlGetAppContainerNamedObjectPath [0x77D07B44+180]

at org.openqa.selenium.remote.W3CHandshakeResponse.lambda$errorHandler$0(W3CHandshakeResponse.java:62)
at org.openqa.selenium.remote.HandshakeResponse.lambda$getResponseFunction$0(HandshakeResponse.java:30)
at org.openqa.selenium.remote.ProtocolHandshake.lambda$createSession$0(ProtocolHandshake.java:126)
at java.base/java.util.stream.ReferencePipeline$3$1.accept(ReferencePipeline.java:195)
at java.base/java.util.Spliterators$ArraySpliterator.tryAdvance(Spliterators.java:958)
at java.base/java.util.stream.ReferencePipeline.forEachWithCancel(ReferencePipeline.java:127)
at java.base/java.util.stream.AbstractPipeline.copyIntoWithCancel(AbstractPipeline.java:502)
at java.base/java.util.stream.AbstractPipeline.copyInto(AbstractPipeline.java:488)
at java.base/java.util.stream.AbstractPipeline.wrapAndCopyInto(AbstractPipeline.java:474)
at java.base/java.util.stream.FindOps$FindOp.evaluateSequential(FindOps.java:150)
at java.base/java.util.stream.AbstractPipeline.evaluate(AbstractPipeline.java:234)
at java.base/java.util.stream.ReferencePipeline.findFirst(ReferencePipeline.java:543)
at org.openqa.selenium.remote.ProtocolHandshake.createSession(ProtocolHandshake.java:128)
at org.openqa.selenium.remote.ProtocolHandshake.createSession(ProtocolHandshake.java:74)
at org.openqa.selenium.remote.HttpCommandExecutor.execute(HttpCommandExecutor.java:136)
at org.openqa.selenium.remote.service.DriverCommandExecutor.execute(DriverCommandExecutor.java:83)
at org.openqa.selenium.remote.RemoteWebDriver.execute(RemoteWebDriver.java:552)
at org.openqa.selenium.remote.RemoteWebDriver.startSession(RemoteWebDriver.java:213)
at org.openqa.selenium.remote.RemoteWebDriver.<init>(RemoteWebDriver.java:131)
at org.openqa.selenium.chrome.ChromeDriver.<init>(ChromeDriver.java:181)
at org.openqa.selenium.chrome.ChromeDriver.<init>(ChromeDriver.java:168)
at org.openqa.selenium.chrome.ChromeDriver.<init>(ChromeDriver.java:123)
at utilities.Baseclass.openURL(Baseclass.java:52)
at testcase.ProjectOfPunchin.testcase1(ProjectOfPunchin.java:34)
at java.base/java.util.ArrayList.forEach(ArrayList.java:1540)
at java.base/java.util.concurrent.FutureTask.run(FutureTask.java:264)
at java.base/java.util.concurrent.ThreadPoolExecutor.runWorker(ThreadPoolExecutor.java:1128)
at java.base/java.util.concurrent.ThreadPoolExecutor$Worker.run(ThreadPoolExecutor.java:628)
at java.base/java.lang.Thread.run(Thread.java:835)
... Removed 23 stack frames]]>
    </failure>
  </testcase> <!-- testcase1 -->
</testsuite> <!-- ChromeTest -->
